{
"contracts/Crowdfunding.sol":{"l":{"24":25,"28":20,"33":6,"37":5,"55":17,"56":16,"60":15,"66":14,"78":14,"81":14,"84":14,"97":10,"102":9,"105":9,"108":9,"125":2,"140":2,"152":5,"158":4,"160":4,"162":4,"164":4},"path":"/home/lars/Documents/unic/522/assignments/crowdfunding/contracts/Crowdfunding.sol","s":{"1":25,"2":6,"3":17,"4":16,"5":15,"6":14,"7":14,"8":14,"9":10,"10":9,"11":2,"12":2,"13":5,"14":4,"15":4,"16":4},"b":{"1":[20,5],"2":[5,1],"3":[16,1],"4":[15,1],"5":[14,1],"6":[10,1],"7":[9,1],"8":[2,1],"9":[2,1],"10":[6,2],"11":[5,1],"12":[4,1]},"f":{"1":25,"2":6,"3":17,"4":10,"5":2,"6":2,"7":5},"fnMap":{"1":{"name":"projectExists","line":23,"loc":{"start":{"line":23,"column":4},"end":{"line":29,"column":4}}},"2":{"name":"onlyProjectOwner","line":32,"loc":{"start":{"line":32,"column":4},"end":{"line":38,"column":4}}},"3":{"name":"createProject","line":49,"loc":{"start":{"line":49,"column":4},"end":{"line":85,"column":4}}},"4":{"name":"participateToProject","line":95,"loc":{"start":{"line":93,"column":4},"end":{"line":109,"column":4}}},"5":{"name":"searchForProject","line":122,"loc":{"start":{"line":116,"column":4},"end":{"line":126,"column":4}}},"6":{"name":"retrieveContributions","line":139,"loc":{"start":{"line":136,"column":4},"end":{"line":141,"column":4}}},"7":{"name":"withdrawlFunds","line":150,"loc":{"start":{"line":148,"column":4},"end":{"line":165,"column":4}}}},"statementMap":{"1":{"start":{"line":24,"column":8},"end":{"line":24,"column":685}},"2":{"start":{"line":33,"column":8},"end":{"line":33,"column":958}},"3":{"start":{"line":55,"column":8},"end":{"line":55,"column":67}},"4":{"start":{"line":56,"column":8},"end":{"line":56,"column":1819}},"5":{"start":{"line":60,"column":8},"end":{"line":60,"column":1935}},"6":{"start":{"line":66,"column":8},"end":{"line":66,"column":2124}},"7":{"start":{"line":78,"column":8},"end":{"line":78,"column":57}},"8":{"start":{"line":84,"column":8},"end":{"line":84,"column":35}},"9":{"start":{"line":97,"column":8},"end":{"line":97,"column":3124}},"10":{"start":{"line":108,"column":8},"end":{"line":108,"column":69}},"11":{"start":{"line":125,"column":8},"end":{"line":125,"column":35}},"12":{"start":{"line":140,"column":8},"end":{"line":140,"column":54}},"13":{"start":{"line":152,"column":8},"end":{"line":152,"column":4928}},"14":{"start":{"line":158,"column":8},"end":{"line":158,"column":64}},"15":{"start":{"line":162,"column":8},"end":{"line":162,"column":59}},"16":{"start":{"line":164,"column":8},"end":{"line":164,"column":43}}},"branchMap":{"1":{"line":24,"type":"if","locations":[{"start":{"line":24,"column":8},"end":{"line":24,"column":8}},{"start":{"line":24,"column":8},"end":{"line":24,"column":8}}]},"2":{"line":33,"type":"if","locations":[{"start":{"line":33,"column":8},"end":{"line":33,"column":8}},{"start":{"line":33,"column":8},"end":{"line":33,"column":8}}]},"3":{"line":55,"type":"if","locations":[{"start":{"line":55,"column":8},"end":{"line":55,"column":8}},{"start":{"line":55,"column":8},"end":{"line":55,"column":8}}]},"4":{"line":56,"type":"if","locations":[{"start":{"line":56,"column":8},"end":{"line":56,"column":8}},{"start":{"line":56,"column":8},"end":{"line":56,"column":8}}]},"5":{"line":60,"type":"if","locations":[{"start":{"line":60,"column":8},"end":{"line":60,"column":8}},{"start":{"line":60,"column":8},"end":{"line":60,"column":8}}]},"6":{"line":95,"type":"if","locations":[{"start":{"line":95,"column":32},"end":{"line":95,"column":32}},{"start":{"line":95,"column":32},"end":{"line":95,"column":32}}]},"7":{"line":97,"type":"if","locations":[{"start":{"line":97,"column":8},"end":{"line":97,"column":8}},{"start":{"line":97,"column":8},"end":{"line":97,"column":8}}]},"8":{"line":122,"type":"if","locations":[{"start":{"line":122,"column":8},"end":{"line":122,"column":8}},{"start":{"line":122,"column":8},"end":{"line":122,"column":8}}]},"9":{"line":139,"type":"if","locations":[{"start":{"line":139,"column":29},"end":{"line":139,"column":29}},{"start":{"line":139,"column":29},"end":{"line":139,"column":29}}]},"10":{"line":150,"type":"if","locations":[{"start":{"line":150,"column":24},"end":{"line":150,"column":24}},{"start":{"line":150,"column":24},"end":{"line":150,"column":24}}]},"11":{"line":150,"type":"if","locations":[{"start":{"line":150,"column":50},"end":{"line":150,"column":50}},{"start":{"line":150,"column":50},"end":{"line":150,"column":50}}]},"12":{"line":152,"type":"if","locations":[{"start":{"line":152,"column":8},"end":{"line":152,"column":8}},{"start":{"line":152,"column":8},"end":{"line":152,"column":8}}]}}},
"contracts/ICrowdfunding.sol":{"l":{},"path":"/home/lars/Documents/unic/522/assignments/crowdfunding/contracts/ICrowdfunding.sol","s":{},"b":{},"f":{},"fnMap":{},"statementMap":{},"branchMap":{}}}
