{
"contracts/Crowdfunding.sol":{"l":{"28":29,"32":24,"37":8,"41":7,"66":20,"67":19,"71":18,"75":17,"78":16,"92":16,"95":16,"98":16,"118":13,"122":11,"128":10,"131":10,"134":10,"154":7,"159":6,"164":5,"170":4,"172":4,"178":4,"198":1,"216":2},"path":"/home/lars/Documents/unic/522/assignments/crowdfunding/contracts/Crowdfunding.sol","s":{"1":29,"2":8,"3":20,"4":19,"5":18,"6":17,"7":16,"8":16,"9":16,"10":13,"11":11,"12":10,"13":7,"14":6,"15":5,"16":4,"17":4,"18":1,"19":2},"b":{"1":[24,5],"2":[7,1],"3":[19,1],"4":[18,1],"5":[17,1],"6":[16,1],"7":[13,1],"8":[11,2],"9":[10,1],"10":[8,2],"11":[7,1],"12":[6,1],"13":[5,1],"14":[4,1],"15":[1,1],"16":[2,1]},"f":{"1":29,"2":8,"3":20,"4":13,"5":7,"6":1,"7":2},"fnMap":{"1":{"name":"projectExists","line":27,"loc":{"start":{"line":27,"column":4},"end":{"line":33,"column":4}}},"2":{"name":"onlyProjectOwner","line":36,"loc":{"start":{"line":36,"column":4},"end":{"line":42,"column":4}}},"3":{"name":"createProject","line":59,"loc":{"start":{"line":59,"column":4},"end":{"line":99,"column":4}}},"4":{"name":"participateToProject","line":116,"loc":{"start":{"line":114,"column":4},"end":{"line":135,"column":4}}},"5":{"name":"withdrawlFunds","line":152,"loc":{"start":{"line":150,"column":4},"end":{"line":179,"column":4}}},"6":{"name":"searchForProject","line":195,"loc":{"start":{"line":189,"column":4},"end":{"line":199,"column":4}}},"7":{"name":"retrieveContributions","line":215,"loc":{"start":{"line":212,"column":4},"end":{"line":217,"column":4}}}},"statementMap":{"1":{"start":{"line":28,"column":8},"end":{"line":28,"column":1013}},"2":{"start":{"line":37,"column":8},"end":{"line":37,"column":1286}},"3":{"start":{"line":66,"column":8},"end":{"line":66,"column":67}},"4":{"start":{"line":67,"column":8},"end":{"line":67,"column":2394}},"5":{"start":{"line":71,"column":8},"end":{"line":71,"column":2510}},"6":{"start":{"line":75,"column":8},"end":{"line":75,"column":77}},"7":{"start":{"line":78,"column":8},"end":{"line":78,"column":2779}},"8":{"start":{"line":92,"column":8},"end":{"line":92,"column":68}},"9":{"start":{"line":98,"column":8},"end":{"line":98,"column":35}},"10":{"start":{"line":118,"column":8},"end":{"line":118,"column":4422}},"11":{"start":{"line":122,"column":8},"end":{"line":122,"column":4565}},"12":{"start":{"line":134,"column":8},"end":{"line":134,"column":69}},"13":{"start":{"line":154,"column":8},"end":{"line":154,"column":5816}},"14":{"start":{"line":159,"column":8},"end":{"line":159,"column":5982}},"15":{"start":{"line":164,"column":8},"end":{"line":164,"column":6161}},"16":{"start":{"line":172,"column":8},"end":{"line":172,"column":6431}},"17":{"start":{"line":178,"column":8},"end":{"line":178,"column":76}},"18":{"start":{"line":198,"column":8},"end":{"line":198,"column":35}},"19":{"start":{"line":216,"column":8},"end":{"line":216,"column":54}}},"branchMap":{"1":{"line":28,"type":"if","locations":[{"start":{"line":28,"column":8},"end":{"line":28,"column":8}},{"start":{"line":28,"column":8},"end":{"line":28,"column":8}}]},"2":{"line":37,"type":"if","locations":[{"start":{"line":37,"column":8},"end":{"line":37,"column":8}},{"start":{"line":37,"column":8},"end":{"line":37,"column":8}}]},"3":{"line":66,"type":"if","locations":[{"start":{"line":66,"column":8},"end":{"line":66,"column":8}},{"start":{"line":66,"column":8},"end":{"line":66,"column":8}}]},"4":{"line":67,"type":"if","locations":[{"start":{"line":67,"column":8},"end":{"line":67,"column":8}},{"start":{"line":67,"column":8},"end":{"line":67,"column":8}}]},"5":{"line":71,"type":"if","locations":[{"start":{"line":71,"column":8},"end":{"line":71,"column":8}},{"start":{"line":71,"column":8},"end":{"line":71,"column":8}}]},"6":{"line":75,"type":"if","locations":[{"start":{"line":75,"column":8},"end":{"line":75,"column":8}},{"start":{"line":75,"column":8},"end":{"line":75,"column":8}}]},"7":{"line":116,"type":"if","locations":[{"start":{"line":116,"column":32},"end":{"line":116,"column":32}},{"start":{"line":116,"column":32},"end":{"line":116,"column":32}}]},"8":{"line":118,"type":"if","locations":[{"start":{"line":118,"column":8},"end":{"line":118,"column":8}},{"start":{"line":118,"column":8},"end":{"line":118,"column":8}}]},"9":{"line":122,"type":"if","locations":[{"start":{"line":122,"column":8},"end":{"line":122,"column":8}},{"start":{"line":122,"column":8},"end":{"line":122,"column":8}}]},"10":{"line":152,"type":"if","locations":[{"start":{"line":152,"column":24},"end":{"line":152,"column":24}},{"start":{"line":152,"column":24},"end":{"line":152,"column":24}}]},"11":{"line":152,"type":"if","locations":[{"start":{"line":152,"column":50},"end":{"line":152,"column":50}},{"start":{"line":152,"column":50},"end":{"line":152,"column":50}}]},"12":{"line":154,"type":"if","locations":[{"start":{"line":154,"column":8},"end":{"line":154,"column":8}},{"start":{"line":154,"column":8},"end":{"line":154,"column":8}}]},"13":{"line":159,"type":"if","locations":[{"start":{"line":159,"column":8},"end":{"line":159,"column":8}},{"start":{"line":159,"column":8},"end":{"line":159,"column":8}}]},"14":{"line":164,"type":"if","locations":[{"start":{"line":164,"column":8},"end":{"line":164,"column":8}},{"start":{"line":164,"column":8},"end":{"line":164,"column":8}}]},"15":{"line":195,"type":"if","locations":[{"start":{"line":195,"column":8},"end":{"line":195,"column":8}},{"start":{"line":195,"column":8},"end":{"line":195,"column":8}}]},"16":{"line":215,"type":"if","locations":[{"start":{"line":215,"column":29},"end":{"line":215,"column":29}},{"start":{"line":215,"column":29},"end":{"line":215,"column":29}}]}}},
"contracts/ICrowdfunding.sol":{"l":{},"path":"/home/lars/Documents/unic/522/assignments/crowdfunding/contracts/ICrowdfunding.sol","s":{},"b":{},"f":{},"fnMap":{},"statementMap":{},"branchMap":{}}}
