TN:
SF:/home/lars/Documents/unic/522/assignments/crowdfunding/contracts/Crowdfunding.sol
FN:23,projectExists
FN:32,onlyProjectOwner
FN:49,createProject
FN:95,participateToProject
FN:122,searchForProject
FN:139,retrieveContributions
FN:150,withdrawlFunds
FNF:7
FNH:7
FNDA:25,projectExists
FNDA:6,onlyProjectOwner
FNDA:17,createProject
FNDA:10,participateToProject
FNDA:2,searchForProject
FNDA:2,retrieveContributions
FNDA:5,withdrawlFunds
DA:24,25
DA:28,20
DA:33,6
DA:37,5
DA:55,17
DA:56,16
DA:60,15
DA:66,14
DA:78,14
DA:81,14
DA:84,14
DA:97,10
DA:102,9
DA:105,9
DA:108,9
DA:125,2
DA:140,2
DA:152,5
DA:158,4
DA:160,4
DA:162,4
DA:164,4
LF:22
LH:22
BRDA:24,1,0,20
BRDA:24,1,1,5
BRDA:33,2,0,5
BRDA:33,2,1,1
BRDA:55,3,0,16
BRDA:55,3,1,1
BRDA:56,4,0,15
BRDA:56,4,1,1
BRDA:60,5,0,14
BRDA:60,5,1,1
BRDA:95,6,0,10
BRDA:95,6,1,1
BRDA:97,7,0,9
BRDA:97,7,1,1
BRDA:122,8,0,2
BRDA:122,8,1,1
BRDA:139,9,0,2
BRDA:139,9,1,1
BRDA:150,10,0,6
BRDA:150,10,1,2
BRDA:150,11,0,5
BRDA:150,11,1,1
BRDA:152,12,0,4
BRDA:152,12,1,1
BRF:24
BRH:24
end_of_record
TN:
SF:/home/lars/Documents/unic/522/assignments/crowdfunding/contracts/ICrowdfunding.sol
FNF:0
FNH:0
LF:0
LH:0
BRF:0
BRH:0
end_of_record
