TN:
SF:/home/lars/Documents/unic/522/assignments/crowdfunding/contracts/Crowdfunding.sol
FN:27,projectExists
FN:36,onlyProjectOwner
FN:59,createProject
FN:116,participateToProject
FN:152,withdrawlFunds
FN:195,searchForProject
FN:215,retrieveContributions
FNF:7
FNH:7
FNDA:29,projectExists
FNDA:8,onlyProjectOwner
FNDA:20,createProject
FNDA:13,participateToProject
FNDA:7,withdrawlFunds
FNDA:1,searchForProject
FNDA:2,retrieveContributions
DA:28,29
DA:32,24
DA:37,8
DA:41,7
DA:66,20
DA:67,19
DA:71,18
DA:75,17
DA:78,16
DA:92,16
DA:95,16
DA:98,16
DA:118,13
DA:122,11
DA:128,10
DA:131,10
DA:134,10
DA:154,7
DA:159,6
DA:164,5
DA:170,4
DA:172,4
DA:178,4
DA:198,1
DA:216,2
LF:25
LH:25
BRDA:28,1,0,24
BRDA:28,1,1,5
BRDA:37,2,0,7
BRDA:37,2,1,1
BRDA:66,3,0,19
BRDA:66,3,1,1
BRDA:67,4,0,18
BRDA:67,4,1,1
BRDA:71,5,0,17
BRDA:71,5,1,1
BRDA:75,6,0,16
BRDA:75,6,1,1
BRDA:116,7,0,13
BRDA:116,7,1,1
BRDA:118,8,0,11
BRDA:118,8,1,2
BRDA:122,9,0,10
BRDA:122,9,1,1
BRDA:152,10,0,8
BRDA:152,10,1,2
BRDA:152,11,0,7
BRDA:152,11,1,1
BRDA:154,12,0,6
BRDA:154,12,1,1
BRDA:159,13,0,5
BRDA:159,13,1,1
BRDA:164,14,0,4
BRDA:164,14,1,1
BRDA:195,15,0,1
BRDA:195,15,1,1
BRDA:215,16,0,2
BRDA:215,16,1,1
BRF:32
BRH:32
end_of_record
TN:
SF:/home/lars/Documents/unic/522/assignments/crowdfunding/contracts/ICrowdfunding.sol
FNF:0
FNH:0
LF:0
LH:0
BRF:0
BRH:0
end_of_record
